<?xml version="1.0" encoding="UTF-8"?>
<!-- Generated by org.testng.reporters.JUnitReportReporter -->
<testsuite hostname="DESKTOP-3HV04S5" failures="0" tests="2" name="TestScripts.MakeMyTripTest" time="25.120" errors="0" timestamp="2025-02-19T19:24:13 IST" skipped="0">
  <testcase classname="TestScripts.MakeMyTripTest" name="searchFlightTest" time="10.565"/>
  <system-out/>
  <testcase classname="TestScripts.MakeMyTripTest" name="searchFlightTest" time="14.555"/>
  <system-out/>
</testsuite> <!-- TestScripts.MakeMyTripTest -->
