<?xml version="1.0" encoding="UTF-8"?>
<!-- Generated by org.testng.reporters.JUnitReportReporter -->
<testsuite hostname="DESKTOP-3HV04S5" failures="0" tests="1" name="JenkinTest.Jen01.TestNGtest" time="8.538" errors="0" timestamp="2025-02-07T19:26:06 IST" skipped="0">
  <testcase classname="JenkinTest.Jen01.TestNGtest" name="Test01" time="8.538"/>
</testsuite> <!-- JenkinTest.Jen01.TestNGtest -->
