<?xml version="1.0" encoding="UTF-8"?>
<!-- Generated by org.testng.reporters.JUnitReportReporter -->
<testsuite hostname="DESKTOP-3HV04S5" failures="0" tests="1" name="TestScripts.Filikart_automation" time="11.783" errors="0" timestamp="2025-02-11T19:25:36 IST" skipped="0">
  <testcase classname="TestScripts.Filikart_automation" name="searchIphone" time="11.783"/>
</testsuite> <!-- TestScripts.Filikart_automation -->
