<?xml version="1.0" encoding="UTF-8"?>
<!-- Generated by org.testng.reporters.JUnitReportReporter -->
<testsuite hostname="DESKTOP-3HV04S5" failures="0" tests="4" name="TestScripts.ReverseArray" time="0.015" errors="0" timestamp="2025-02-18T20:16:04 IST" skipped="0">
  <testcase classname="TestScripts.ReverseArray" name="bubbleSort" time="0.011"/>
  <system-out/>
  <testcase classname="TestScripts.ReverseArray" name="secondLargest" time="0.002"/>
  <system-out/>
  <testcase classname="TestScripts.ReverseArray" name="removeandmerge" time="0.001"/>
  <system-out/>
  <testcase classname="TestScripts.ReverseArray" name="reverseArray" time="0.001"/>
  <system-out/>
</testsuite> <!-- TestScripts.ReverseArray -->
