<?xml version="1.0" encoding="UTF-8"?>
<!-- Generated by org.testng.reporters.JUnitReportReporter -->
<testsuite hostname="DESKTOP-3HV04S5" failures="0" tests="4" name="TestScripts.API01Test" time="1.449" errors="0" timestamp="2025-02-24T13:34:47 IST" skipped="0">
  <testcase classname="TestScripts.API01Test" name="Api_03_Test" time="0.068"/>
  <system-out/>
  <testcase classname="TestScripts.API01Test" name="Api_02_Test" time="0.027"/>
  <system-out/>
  <testcase classname="TestScripts.API01Test" name="Api_04_Test" time="0.120"/>
  <system-out/>
  <testcase classname="TestScripts.API01Test" name="Api_01_Test" time="1.234"/>
  <system-out/>
</testsuite> <!-- TestScripts.API01Test -->
