<?xml version="1.0" encoding="UTF-8"?>
<!-- Generated by org.testng.reporters.JUnitReportReporter -->
<testsuite hostname="DESKTOP-3HV04S5" failures="0" tests="2" name="TestScripts.BrokenLinkTest" time="8.211" errors="0" timestamp="2025-02-20T20:35:33 IST" skipped="1">
  <testcase classname="TestScripts.BrokenLinkTest" name="checkActions" time="8.211"/>
  <system-out/>
  <testcase classname="TestScripts.BrokenLinkTest" name="checkBrokenLinks">
    <skipped/>
  </testcase> <!-- checkBrokenLinks -->
  <system-out/>
</testsuite> <!-- TestScripts.BrokenLinkTest -->
