<?xml version="1.0" encoding="UTF-8"?>
<!-- Generated by org.testng.reporters.JUnitReportReporter -->
<testsuite hostname="DESKTOP-3HV04S5" failures="0" tests="3" name="TestScripts.Demo01" time="27.020" errors="0" timestamp="2025-02-13T12:29:30 IST" skipped="0">
  <testcase classname="TestScripts.Demo01" name="OpenWebsiteWithoutLogin" time="6.815"/>
  <system-out/>
  <testcase classname="TestScripts.Demo01" name="searchHotel" time="10.906"/>
  <system-out/>
  <testcase classname="TestScripts.Demo01" name="searchFlight" time="9.299"/>
  <system-out/>
</testsuite> <!-- TestScripts.Demo01 -->
