<?xml version="1.0" encoding="UTF-8"?>
<!-- Generated by org.testng.reporters.JUnitReportReporter -->
<testsuite hostname="DESKTOP-3HV04S5" failures="0" tests="1" name="TestScripts.JavaStreamTest" time="32.254" errors="0" timestamp="2025-02-20T12:11:44 IST" skipped="0">
  <testcase classname="TestScripts.JavaStreamTest" name="StringF" time="32.254"/>
  <system-out/>
</testsuite> <!-- TestScripts.JavaStreamTest -->
