<?xml version="1.0" encoding="UTF-8"?>
<!-- Generated by org.testng.reporters.JUnitReportReporter -->
<testsuite hostname="DESKTOP-3HV04S5" failures="0" tests="1" name="Utility.SQLConnection" time="1.180" errors="0" timestamp="2025-02-28T16:07:15 IST" skipped="0">
  <testcase classname="Utility.SQLConnection" name="ConnectSQL" time="1.180"/>
  <system-out/>
</testsuite> <!-- Utility.SQLConnection -->
