<?xml version="1.0" encoding="UTF-8"?>
<!-- Generated by org.testng.reporters.JUnitReportReporter -->
<testsuite hostname="DESKTOP-3HV04S5" failures="0" tests="5" name="TestScripts.MakeMyTrip" time="30.417" errors="0" timestamp="2025-02-14T13:15:54 IST" skipped="0">
  <testcase classname="TestScripts.MakeMyTrip" name="OpenWebsiteWithoutLogin" time="4.111"/>
  <system-out/>
  <testcase classname="TestScripts.MakeMyTrip" name="OpenWebsiteWithoutLogin" time="4.684"/>
  <system-out/>
  <testcase classname="TestScripts.MakeMyTrip" name="searchFlight" time="5.381"/>
  <system-out/>
  <testcase classname="TestScripts.MakeMyTrip" name="searchHotel" time="9.765"/>
  <system-out/>
  <testcase classname="TestScripts.MakeMyTrip" name="searchFlight" time="6.476"/>
  <system-out/>
</testsuite> <!-- TestScripts.MakeMyTrip -->
