<?xml version="1.0" encoding="UTF-8"?>
<!-- Generated by org.testng.reporters.JUnitReportReporter -->
<testsuite hostname="DESKTOP-3HV04S5" failures="0" tests="1" name="TestScripts.DuplicateElementsTest" time="0.002" errors="0" timestamp="2025-02-19T19:24:13 IST" skipped="0">
  <testcase classname="TestScripts.DuplicateElementsTest" name="identifyElement" time="0.002"/>
  <system-out/>
</testsuite> <!-- TestScripts.DuplicateElementsTest -->
