<?xml version="1.0" encoding="UTF-8"?>
<!-- Generated by org.testng.reporters.JUnitReportReporter -->
<testsuite hostname="DESKTOP-3HV04S5" failures="0" tests="1" name="JenkinTest.Jen01.dummyTest" time="0.019" errors="0" timestamp="2025-02-07T19:26:06 IST" skipped="0">
  <testcase classname="JenkinTest.Jen01.dummyTest" name="shouldAnswerWithTrue" time="0.019"/>
</testsuite> <!-- JenkinTest.Jen01.dummyTest -->
