<?xml version="1.0" encoding="UTF-8"?>
<!-- Generated by org.testng.reporters.JUnitReportReporter -->
<testsuite hostname="DESKTOP-3HV04S5" failures="0" tests="1" name="TestScripts.pojoTest" time="3.503" errors="0" timestamp="2025-02-25T13:05:00 IST" skipped="0">
  <testcase classname="TestScripts.pojoTest" name="pojoVerifyTest" time="3.503"/>
  <system-out/>
</testsuite> <!-- TestScripts.pojoTest -->
