<?xml version="1.0" encoding="UTF-8"?>
<!-- Generated by org.testng.reporters.JUnitReportReporter -->
<testsuite hostname="DESKTOP-3HV04S5" failures="0" tests="1" name="TestScripts.Demotest2" time="11.045" errors="0" timestamp="2025-02-07T19:48:59 IST" skipped="0">
  <testcase classname="TestScripts.Demotest2" name="shouldAnswerWithTrue" time="11.045"/>
</testsuite> <!-- TestScripts.Demotest2 -->
