<?xml version="1.0" encoding="UTF-8"?>
<!-- Generated by org.testng.reporters.JUnitReportReporter -->
<testsuite hostname="DESKTOP-3HV04S5" failures="0" tests="1" name="TestScripts.WebTable" time="4.379" errors="0" timestamp="2025-02-13T07:49:44 IST" skipped="0">
  <testcase classname="TestScripts.WebTable" name="testWebTable" time="4.379"/>
  <system-out/>
</testsuite> <!-- TestScripts.WebTable -->
