<?xml version="1.0" encoding="UTF-8"?>
<!-- Generated by org.testng.reporters.JUnitReportReporter -->
<testsuite hostname="DESKTOP-3HV04S5" failures="0" tests="1" name="RestAPITestScripts.EComTest" time="5.435" errors="0" timestamp="2025-02-26T11:30:19 IST" skipped="0">
  <testcase classname="RestAPITestScripts.EComTest" name="loginTest" time="5.435"/>
  <system-out/>
</testsuite> <!-- RestAPITestScripts.EComTest -->
