<?xml version="1.0" encoding="UTF-8"?>
<!-- Generated by org.testng.reporters.JUnitReportReporter -->
<testsuite hostname="DESKTOP-3HV04S5" failures="0" tests="1" name="TestScripts.demo" time="0.013" errors="0" timestamp="2025-02-18T13:53:22 IST" skipped="0">
  <testcase classname="TestScripts.demo" name="identifyElement" time="0.013"/>
  <system-out/>
</testsuite> <!-- TestScripts.demo -->
