<?xml version="1.0" encoding="UTF-8"?>
<!-- Generated by org.testng.reporters.JUnitReportReporter -->
<testsuite hostname="DESKTOP-3HV04S5" failures="0" tests="1" name="TestScripts.Demotest01" time="14.403" errors="0" timestamp="2025-02-07T19:44:03 IST" skipped="0">
  <testcase classname="TestScripts.Demotest01" name="shouldAnswerWithTrue" time="14.403"/>
</testsuite> <!-- TestScripts.Demotest01 -->
